2023-05-25 13:32:17,323 [WARNING] used options are written to './output/used_options.json'
2023-05-25 13:32:17,323 [INFO] checking the region rectangle...
2023-05-25 13:32:17,323 [INFO] checking regions to remove...
2023-05-25 13:32:17,323 [INFO] creating patch images with pixsize = 0.050000, image shape = (80, 40), 4 patches.
2023-05-25 13:32:17,323 [INFO] checking random catalog file: '/home/ms3/Documents/phd/cosmo/codes/cosmology_codes/count_in_cells/random.csv.gz'...
2023-05-25 13:32:17,327 [INFO] checking for required columns...
2023-05-25 13:32:17,327 [INFO] all column requirements satisfied :)
2023-05-25 13:32:17,327 [INFO] checking filtering conditions...
2023-05-25 13:32:17,327 [INFO] all filtering conditions are valid :)
2023-05-25 13:32:17,327 [INFO] started counting random objects in cell
2023-05-25 13:32:17,383 [INFO] finished counting random objects in cell
2023-05-25 13:32:17,383 [INFO] starting communication...
2023-05-25 13:32:17,383 [INFO] recieving data from rank-1
2023-05-25 13:32:17,384 [INFO] patch data saved to './output/patches.pid'
2023-05-25 13:32:17,384 [INFO] finished patch image computation job!
2023-05-25 13:32:17,385 [INFO] successfully loaded patch data
2023-05-25 13:32:17,386 [INFO] checking object catalog file: '/home/ms3/Documents/phd/cosmo/codes/cosmology_codes/count_in_cells/random.csv.gz'...
2023-05-25 13:32:17,388 [INFO] checking for required columns...
2023-05-25 13:32:17,389 [INFO] all column requirements satisfied :)
2023-05-25 13:32:17,389 [INFO] checking filtering conditions...
2023-05-25 13:32:17,389 [INFO] all filtering conditions are valid :)
2023-05-25 13:32:17,389 [INFO] started counting unmasked objects in cell
2023-05-25 13:32:17,439 [INFO] finished counting objects
2023-05-25 13:32:17,439 [INFO] starting communication...
2023-05-25 13:32:17,439 [INFO] recieving data from rank-1
2023-05-25 13:32:17,440 [INFO] counts saved to './output/counts.npy'
2023-05-25 13:32:17,440 [INFO] started counting histogram...
2023-05-25 13:32:17,446 [INFO] finished counting histogram!
2023-05-25 13:32:17,446 [INFO] saving outputs...
2023-05-25 13:32:17,448 [INFO] count distribution saved to './output/count_histogram.csv'
2023-05-25 13:32:17,448 [INFO] count distribution errors saved to './output/count_histogram_error.csv'
2023-05-25 13:32:17,449 [INFO] count distribution moments saved to './output/count_moments.csv'
2023-05-25 13:32:17,449 [INFO] finished count-in-cells estimation
