2023-05-23 03:30:01,226 [INFO] checking the region rectangle...
2023-05-23 03:30:01,227 [INFO] checking regions to remove...
2023-05-23 03:30:01,227 [INFO] creating patch images with pixsize = 0.100000, image shape = (40, 20), 4 patches.
2023-05-23 03:30:01,227 [INFO] checking random catalog file: '/home/ms3/Documents/phd/cosmo/codes/cosmology_codes/count_in_cells/random.csv.gz'...
2023-05-23 03:30:01,231 [INFO] checking for required columns...
2023-05-23 03:30:01,231 [INFO] all column requirements satisfied :)
2023-05-23 03:30:01,231 [INFO] checking filtering conditions...
2023-05-23 03:30:01,231 [INFO] all filtering conditions are valid :)
2023-05-23 03:30:01,231 [INFO] started counting random objects in cell
2023-05-23 03:30:01,550 [INFO] finished counting random objects in cell
2023-05-23 03:30:01,558 [INFO] starting communication...
2023-05-23 03:30:01,558 [INFO] sent data to rank-0
2023-05-23 03:30:01,559 [INFO] finished patch image computation job!
2023-05-23 03:30:01,560 [INFO] successfully loaded patch data
2023-05-23 03:30:01,560 [INFO] checking object catalog file: '/home/ms3/Documents/phd/cosmo/codes/cosmology_codes/count_in_cells/random.csv.gz'...
2023-05-23 03:30:01,564 [INFO] checking for required columns...
2023-05-23 03:30:01,564 [INFO] all column requirements satisfied :)
2023-05-23 03:30:01,564 [INFO] checking filtering conditions...
2023-05-23 03:30:01,564 [INFO] all filtering conditions are valid :)
2023-05-23 03:30:01,564 [INFO] started counting unmasked objects in cell
2023-05-23 03:30:01,898 [INFO] finished counting random objects in cell
